{
  "startTime": "2019-06-05T05:18:28.503Z",
  "endTime": "2019-06-05T05:18:37.083Z",
  "userAgents": [
    "Chrome 74.0.3729 / Windows 10.0.0"
  ],
  "passed": 1,
  "total": 1,
  "skipped": 0,
  "fixtures": [
    {
      "name": "Getting Started",
      "path": "C:\\Users\\m.kasa\\develop\\testLei\\testSample\\sampleTest.js",
      "tests": [
        {
          "name": "My first test",
          "errs": [],
          "durationMs": 8569,
          "screenshotPath": null,
          "skipped": false
        }
      ]
    }
  ],
  "warnings": []
}